Performing C SOURCE FILE Test CMAKE_HAVE_LIBC_PTHREAD failed with the following output:
Change Dir: /root/Desktop/testFile/cmaketst/build/CMakeFiles/CMakeTmp

Run Build Command(s):/usr/bin/make cmTC_6811b/fast && /usr/bin/make -f CMakeFiles/cmTC_6811b.dir/build.make CMakeFiles/cmTC_6811b.dir/build
make[1]: Entering directory '/root/Desktop/testFile/cmaketst/build/CMakeFiles/CMakeTmp'
Building C object CMakeFiles/cmTC_6811b.dir/src.c.o
/tool/gcc_linaro/gcc-linaro-7.3.1-2018.05-x86_64_aarch64-linux-gnu/bin/aarch64-linux-gnu-gcc   -DCMAKE_HAVE_LIBC_PTHREAD   -o CMakeFiles/cmTC_6811b.dir/src.c.o   -c /root/Desktop/testFile/cmaketst/build/CMakeFiles/CMakeTmp/src.c
Linking C executable cmTC_6811b
/usr/bin/cmake -E cmake_link_script CMakeFiles/cmTC_6811b.dir/link.txt --verbose=1
/tool/gcc_linaro/gcc-linaro-7.3.1-2018.05-x86_64_aarch64-linux-gnu/bin/aarch64-linux-gnu-gcc  -DCMAKE_HAVE_LIBC_PTHREAD    CMakeFiles/cmTC_6811b.dir/src.c.o  -o cmTC_6811b 
CMakeFiles/cmTC_6811b.dir/src.c.o: In function `main':
src.c:(.text+0x34): undefined reference to `pthread_create'
src.c:(.text+0x3c): undefined reference to `pthread_detach'
src.c:(.text+0x48): undefined reference to `pthread_join'
src.c:(.text+0x58): undefined reference to `pthread_atfork'
collect2: error: ld returned 1 exit status
make[1]: *** [CMakeFiles/cmTC_6811b.dir/build.make:87: cmTC_6811b] Error 1
make[1]: Leaving directory '/root/Desktop/testFile/cmaketst/build/CMakeFiles/CMakeTmp'
make: *** [Makefile:121: cmTC_6811b/fast] Error 2


Source file was:
#include <pthread.h>

void* test_func(void* data)
{
  return data;
}

int main(void)
{
  pthread_t thread;
  pthread_create(&thread, NULL, test_func, NULL);
  pthread_detach(thread);
  pthread_join(thread, NULL);
  pthread_atfork(NULL, NULL, NULL);
  pthread_exit(NULL);

  return 0;
}

Determining if the function pthread_create exists in the pthreads failed with the following output:
Change Dir: /root/Desktop/testFile/cmaketst/build/CMakeFiles/CMakeTmp

Run Build Command(s):/usr/bin/make cmTC_6174b/fast && /usr/bin/make -f CMakeFiles/cmTC_6174b.dir/build.make CMakeFiles/cmTC_6174b.dir/build
make[1]: Entering directory '/root/Desktop/testFile/cmaketst/build/CMakeFiles/CMakeTmp'
Building C object CMakeFiles/cmTC_6174b.dir/CheckFunctionExists.c.o
/tool/gcc_linaro/gcc-linaro-7.3.1-2018.05-x86_64_aarch64-linux-gnu/bin/aarch64-linux-gnu-gcc   -DCHECK_FUNCTION_EXISTS=pthread_create   -o CMakeFiles/cmTC_6174b.dir/CheckFunctionExists.c.o   -c /usr/share/cmake-3.16/Modules/CheckFunctionExists.c
Linking C executable cmTC_6174b
/usr/bin/cmake -E cmake_link_script CMakeFiles/cmTC_6174b.dir/link.txt --verbose=1
/tool/gcc_linaro/gcc-linaro-7.3.1-2018.05-x86_64_aarch64-linux-gnu/bin/aarch64-linux-gnu-gcc  -DCHECK_FUNCTION_EXISTS=pthread_create    CMakeFiles/cmTC_6174b.dir/CheckFunctionExists.c.o  -o cmTC_6174b  -lpthreads 
/tool/gcc_linaro/gcc-linaro-7.3.1-2018.05-x86_64_aarch64-linux-gnu/bin/../lib/gcc/aarch64-linux-gnu/7.3.1/../../../../aarch64-linux-gnu/bin/ld: cannot find -lpthreads
collect2: error: ld returned 1 exit status
make[1]: *** [CMakeFiles/cmTC_6174b.dir/build.make:87: cmTC_6174b] Error 1
make[1]: Leaving directory '/root/Desktop/testFile/cmaketst/build/CMakeFiles/CMakeTmp'
make: *** [Makefile:121: cmTC_6174b/fast] Error 2



